Sencha Cmd 6.0.2.14 - Crash report
================================================
An error occurred while executing the following command: generate workspace

Diagnostic information:
=======================
                          cmd.config.dir : C:\Users\À¿ﬁ\bin\Sencha\Cmd\6.0.2.14              
                                 cmd.dir : C:\Users\À¿ﬁ\bin\Sencha\Cmd\6.0.2.14              
                            cmd.jvm.args : -Xms128m -Xmx1024m -Dapple.awt.UIElement=true     
              cmd.merge.tool.args.araxis : -wait -merge -3 -a1 {base} {user} {generated} {out}
              cmd.merge.tool.args.kdiff3 : {base} {user} {generated} -o {out}                
             cmd.merge.tool.args.p4merge : {base} {user} {generated} {out}                   
           cmd.merge.tool.args.smartsync : {user} {generated} {base}                         
          cmd.merge.tool.args.sourcegear : --merge --result={out} {user} {base} {generated}  
            cmd.merge.tool.args.tortoise : -base:{base} -theirs:{generated} -mine:{user} -merged:{out}
                              cmd.minver : 3.0.0.0                                           
                            cmd.platform : windows                                           
                         cmd.server.port : 1841                                              
                     cmd.unicode.escapes : C:\Users\À¿ﬁ\bin\Sencha\Cmd\6.0.2.14/unicode-escapes.json
                             cmd.version : 6.0.2.14                                          
                            cmd.web.port : 1841                                              
                       inspector.address : http://localhost:1839/                            
                          repo.local.dir : C:\Users\À¿ﬁ\bin\Sencha\Cmd\repo                  
        system.java.net.useSystemProxies : true                                              

Exception information:
=======================
java.lang.NullPointerException
     at com.sencha.util.PathUtil.getAbsolutePath(PathUtil.java:213)
     at com.sencha.command.generator.GeneratorCommands$WorkspaceCommand.getParameters(GeneratorCommands.java:117)
     at com.sencha.command.BasePluginCommands$BasePluginCommand.reloadCustomBuildEnvironment(BasePluginCommands.java:75)
     at com.sencha.command.BasePluginCommands$BasePluginCommand.doExecute(BasePluginCommands.java:86)
     at com.sencha.command.generator.GeneratorCommands$WorkspaceCommand.execute(GeneratorCommands.java:110)
     at sun.reflect.NativeMethodAccessorImpl.invoke0(Native Method)
     at sun.reflect.NativeMethodAccessorImpl.invoke(Unknown Source)
     at sun.reflect.DelegatingMethodAccessorImpl.invoke(Unknown Source)
     at java.lang.reflect.Method.invoke(Unknown Source)
     at com.sencha.util.MethodInvoker$Arguments.invoke(MethodInvoker.java:175)
     at com.sencha.cli.Command.dispatch(Command.java:43)
     at com.sencha.command.BasePluginCommands$BasePluginCommand.dispatch(BasePluginCommands.java:222)
     at com.sencha.cli.Commands.dispatch(Commands.java:64)
     at com.sencha.cli.Commands.dispatch(Commands.java:64)
     at com.sencha.command.Sencha.dispatch(Sencha.java:74)
     at com.sencha.command.Sencha.main(Sencha.java:142)
     at sun.reflect.NativeMethodAccessorImpl.invoke0(Native Method)
     at sun.reflect.NativeMethodAccessorImpl.invoke(Unknown Source)
     at sun.reflect.DelegatingMethodAccessorImpl.invoke(Unknown Source)
     at java.lang.reflect.Method.invoke(Unknown Source)
     at com.exe4j.runtime.LauncherEngine.launch(Unknown Source)
     at com.exe4j.runtime.WinLauncher.main(Unknown Source)
     at com.install4j.runtime.launcher.WinLauncher.main(Unknown Source)

